Time resolution is 1 ps
Time: 0 | a =   0, b =   0, acc_in =                    0, acc_out =                    0
Time: 30000 | a =  36, b = 129, acc_in =                    0, acc_out =                 4644
Time: 50000 | a =   9, b =  99, acc_in =                 4644, acc_out =                 5535
Time: 70000 | a =  13, b = 141, acc_in =                 5535, acc_out =                 7368
Time: 90000 | a = 101, b =  18, acc_in =                 7368, acc_out =                 9186
Time: 110000 | a =   1, b =  13, acc_in =                 9186, acc_out =                 9199
Time: 130000 | a = 118, b =  61, acc_in =                 9199, acc_out =                16397
Time: 150000 | a = 237, b = 140, acc_in =                16397, acc_out =                49577
Time: 170000 | a = 249, b = 198, acc_in =                49577, acc_out =                98879
Time: 190000 | a = 197, b = 170, acc_in =                98879, acc_out =               132369
Time: 210000 | a = 229, b = 119, acc_in =               132369, acc_out =               159620
Time: 230000 | a =  18, b = 143, acc_in =               159620, acc_out =               162194
Time: 250000 | a = 242, b = 206, acc_in =               162194, acc_out =               212046
Time: 270000 | a = 232, b = 197, acc_in =               212046, acc_out =               257750
Time: 290000 | a =  92, b = 189, acc_in =               257750, acc_out =               275138
Time: 310000 | a =  45, b = 101, acc_in =               275138, acc_out =               279683
Time: 330000 | a =  99, b =  10, acc_in =               279683, acc_out =               280673
Time: 350000 | a = 128, b =  32, acc_in =               280673, acc_out =               284769
Time: 370000 | a = 170, b = 157, acc_in =               284769, acc_out =               311459
Time: 390000 | a = 150, b =  19, acc_in =               311459, acc_out =               314309
Time: 410000 | a =  13, b =  83, acc_in =               314309, acc_out =               315388
Time: 430000 | a = 107, b = 213, acc_in =               315388, acc_out =               338179
Time: 450000 | a =   2, b = 174, acc_in =               338179, acc_out =               338527
Time: 470000 | a =  29, b = 207, acc_in =               338527, acc_out =               344530
Time: 490000 | a =  35, b =  10, acc_in =               344530, acc_out =               344880
Time: 510000 | a = 202, b =  60, acc_in =               344880, acc_out =               357000
Time: 530000 | a = 242, b = 138, acc_in =               357000, acc_out =               390396
Time: 550000 | a =  65, b = 216, acc_in =               390396, acc_out =               404436
Time: 570000 | a = 120, b = 137, acc_in =               404436, acc_out =               420876
Time: 590000 | a = 235, b = 182, acc_in =               420876, acc_out =               463646
Time: 610000 | a = 198, b = 174, acc_in =               463646, acc_out =               498098
Time: 630000 | a = 188, b =  42, acc_in =               498098, acc_out =               505994
Time: 650000 | a =  11, b = 113, acc_in =               505994, acc_out =               507237
Time: 670000 | a = 133, b =  79, acc_in =               507237, acc_out =               517744
Time: 690000 | a =  59, b =  58, acc_in =               517744, acc_out =               521166
Time: 710000 | a = 126, b =  21, acc_in =               521166, acc_out =               523812
Time: 730000 | a = 241, b = 217, acc_in =               523812, acc_out =               576109
Time: 750000 | a =  98, b =  76, acc_in =               576109, acc_out =               583557
Time: 770000 | a = 159, b = 143, acc_in =               583557, acc_out =               606294
Time: 790000 | a = 248, b = 183, acc_in =               606294, acc_out =               651678
Time: 810000 | a = 159, b =  92, acc_in =               651678, acc_out =               666306
Time: 830000 | a =  91, b = 137, acc_in =               666306, acc_out =               678773
Time: 850000 | a =  73, b = 208, acc_in =               678773, acc_out =               693957
Time: 870000 | a = 215, b =  81, acc_in =               693957, acc_out =               711372
Time: 890000 | a = 150, b =  12, acc_in =               711372, acc_out =               713172
Time: 910000 | a = 194, b = 200, acc_in =               713172, acc_out =               751972
Time: 930000 | a = 119, b =  61, acc_in =               751972, acc_out =               759231
Time: 950000 | a =  18, b = 126, acc_in =               759231, acc_out =               761499
Time: 970000 | a = 109, b =  57, acc_in =               761499, acc_out =               767712
Time: 990000 | a =  31, b = 211, acc_in =               767712, acc_out =               774253
Time: 1010000 | a = 133, b = 120, acc_in =               774253, acc_out =               790213
Time: 1030000 | a =  91, b =  73, acc_in =               790213, acc_out =               796856
Time: 1050000 | a =  63, b =  42, acc_in =               796856, acc_out =               799502
Time: 1070000 | a =  88, b = 134, acc_in =               799502, acc_out =               811294
Time: 1090000 | a = 142, b = 156, acc_in =               811294, acc_out =               833446
Time: 1110000 | a = 250, b =  38, acc_in =               833446, acc_out =               842946
Time: 1130000 | a = 115, b = 163, acc_in =               842946, acc_out =               861691
Time: 1150000 | a =  47, b = 179, acc_in =               861691, acc_out =               870104
Time: 1170000 | a =  95, b =  68, acc_in =               870104, acc_out =               876564
Time: 1190000 | a = 247, b = 203, acc_in =               876564, acc_out =               926705
Time: 1210000 | a = 230, b =  90, acc_in =               926705, acc_out =               947405
Time: 1230000 | a =  41, b = 237, acc_in =               947405, acc_out =               957122
Time: 1250000 | a = 218, b = 101, acc_in =               957122, acc_out =               979140
Time: 1270000 | a = 181, b = 223, acc_in =               979140, acc_out =              1019503
Time: 1290000 | a = 121, b =  68, acc_in =              1019503, acc_out =              1027731
Time: 1310000 | a = 208, b =  42, acc_in =              1027731, acc_out =              1036467
Time: 1330000 | a = 171, b =  14, acc_in =              1036467, acc_out =              1038861
Time: 1350000 | a = 220, b = 154, acc_in =              1038861, acc_out =              1072741
Time: 1370000 | a = 253, b = 195, acc_in =              1072741, acc_out =              1122076
Time: 1390000 | a =  86, b =  78, acc_in =              1122076, acc_out =              1128784
Time: 1410000 | a = 103, b =  10, acc_in =              1128784, acc_out =              1129814
Time: 1430000 | a = 182, b =  56, acc_in =              1129814, acc_out =              1140006
Time: 1450000 | a = 121, b = 184, acc_in =              1140006, acc_out =              1162270
Time: 1470000 | a = 148, b = 147, acc_in =              1162270, acc_out =              1184026
Time: 1490000 | a =   4, b =  89, acc_in =              1184026, acc_out =              1184382
Time: 1510000 | a = 219, b =  77, acc_in =              1184382, acc_out =              1201245
Time: 1530000 | a = 217, b = 109, acc_in =              1201245, acc_out =              1224898
Time: 1550000 | a = 118, b = 202, acc_in =              1224898, acc_out =              1248734
Time: 1570000 | a = 182, b = 149, acc_in =              1248734, acc_out =              1275852
Time: 1590000 | a =  70, b =   4, acc_in =              1275852, acc_out =              1276132
Time: 1610000 | a = 247, b = 105, acc_in =              1276132, acc_out =              1302067
Time: 1630000 | a = 180, b = 136, acc_in =              1302067, acc_out =              1326547
Time: 1650000 | a =  40, b =  45, acc_in =              1326547, acc_out =              1328347
Time: 1670000 | a = 199, b =  46, acc_in =              1328347, acc_out =              1337501
Time: 1690000 | a =   8, b =  28, acc_in =              1337501, acc_out =              1337725
Time: 1710000 | a = 253, b =  41, acc_in =              1337725, acc_out =              1348098
Time: 1730000 | a =  28, b = 134, acc_in =              1348098, acc_out =              1351850
Time: 1750000 | a = 218, b =  61, acc_in =              1351850, acc_out =              1365148
Time: 1770000 | a = 102, b = 112, acc_in =              1365148, acc_out =              1376572
Time: 1790000 | a = 115, b = 186, acc_in =              1376572, acc_out =              1397962
Time: 1810000 | a =  94, b = 250, acc_in =              1397962, acc_out =              1421462
Time: 1830000 | a = 213, b =  26, acc_in =              1421462, acc_out =              1427000
Time: 1850000 | a = 185, b =  55, acc_in =              1427000, acc_out =              1437175
Time: 1870000 | a = 150, b = 192, acc_in =              1437175, acc_out =              1465975
Time: 1890000 | a =  38, b = 182, acc_in =              1465975, acc_out =              1472891
Time: 1910000 | a = 125, b = 220, acc_in =              1472891, acc_out =              1500391
Time: 1930000 | a = 134, b = 120, acc_in =              1500391, acc_out =              1516471
Time: 1950000 | a = 126, b = 219, acc_in =              1516471, acc_out =              1544065
Time: 1970000 | a = 207, b = 121, acc_in =              1544065, acc_out =              1569112
Time: 1990000 | a = 250, b =  97, acc_in =              1569112, acc_out =              1593362
Time: 2010000 | a =  23, b = 161, acc_in =              1593362, acc_out =              1597065
Time: 2030000 | a = 134, b =  80, acc_in =              1597065, acc_out =              1607785
Time: 2050000 | a = 245, b =  53, acc_in =              1607785, acc_out =              1620770
Time: 2070000 | a =  41, b = 193, acc_in =              1620770, acc_out =              1628683
Time: 2090000 | a = 197, b = 152, acc_in =              1628683, acc_out =              1658627
Time: 2110000 | a =  75, b = 115, acc_in =              1658627, acc_out =              1667252
Time: 2130000 | a = 236, b = 138, acc_in =              1667252, acc_out =              1699820
Time: 2150000 | a =  78, b = 168, acc_in =              1699820, acc_out =              1712924
Time: 2170000 | a = 169, b = 161, acc_in =              1712924, acc_out =              1740133
Time: 2190000 | a =  14, b = 230, acc_in =              1740133, acc_out =              1743353
Time: 2210000 | a = 159, b =  42, acc_in =              1743353, acc_out =              1750031
Time: 2230000 | a =  42, b = 141, acc_in =              1750031, acc_out =              1755953
Time: 2250000 | a = 158, b =  56, acc_in =              1755953, acc_out =              1764801
Time: 2270000 | a = 121, b = 200, acc_in =              1764801, acc_out =              1789001
Time: 2290000 | a = 202, b =  19, acc_in =              1789001, acc_out =              1792839
Time: 2310000 | a = 107, b = 199, acc_in =              1792839, acc_out =              1814132
Time: 2330000 | a = 182, b = 186, acc_in =              1814132, acc_out =              1847984
Time: 2350000 | a = 196, b = 185, acc_in =              1847984, acc_out =              1884244
Time: 2370000 | a = 146, b = 180, acc_in =              1884244, acc_out =              1910524
Time: 2390000 | a = 127, b = 134, acc_in =              1910524, acc_out =              1927542
Time: 2410000 | a = 250, b = 242, acc_in =              1927542, acc_out =              1988042
Time: 2430000 | a =  50, b = 189, acc_in =              1988042, acc_out =              1997492
Time: 2450000 | a = 132, b = 228, acc_in =              1997492, acc_out =              2027588
Time: 2470000 | a = 202, b = 169, acc_in =              2027588, acc_out =              2061726
Time: 2490000 | a = 161, b = 142, acc_in =              2061726, acc_out =              2084588
Time: 2510000 | a = 251, b =  11, acc_in =              2084588, acc_out =              2087349
Time: 2530000 | a = 239, b = 201, acc_in =              2087349, acc_out =              2135388
Time: 2550000 | a =  54, b = 117, acc_in =              2135388, acc_out =              2141706
Time: 2570000 | a = 143, b = 107, acc_in =              2141706, acc_out =              2157007
Time: 2590000 | a = 136, b = 174, acc_in =              2157007, acc_out =              2180671
Time: 2610000 | a = 155, b = 146, acc_in =              2180671, acc_out =              2203301
Time: 2630000 | a =  40, b =  45, acc_in =              2203301, acc_out =              2205101
Time: 2650000 | a =  75, b = 194, acc_in =              2205101, acc_out =              2219651
Time: 2670000 | a =  30, b =  13, acc_in =              2219651, acc_out =              2220041
Time: 2690000 | a = 236, b =  24, acc_in =              2220041, acc_out =              2225705
Time: 2710000 | a = 209, b = 134, acc_in =              2225705, acc_out =              2253711
Time: 2730000 | a =  65, b =  59, acc_in =              2253711, acc_out =              2257546
Time: 2750000 | a = 216, b =  83, acc_in =              2257546, acc_out =              2275474
Time: 2770000 | a =  86, b =  91, acc_in =              2275474, acc_out =              2283300
Time: 2790000 | a = 226, b =   4, acc_in =              2283300, acc_out =              2284204
Time: 2810000 | a = 115, b = 216, acc_in =              2284204, acc_out =              2309044
Time: 2830000 | a =  18, b = 184, acc_in =              2309044, acc_out =              2312356
Time: 2850000 | a =  57, b = 229, acc_in =              2312356, acc_out =              2325409
Time: 2870000 | a = 161, b =  43, acc_in =              2325409, acc_out =              2332332
Time: 2890000 | a = 129, b = 200, acc_in =              2332332, acc_out =              2358132
Time: 2910000 | a =  39, b = 161, acc_in =              2358132, acc_out =              2364411
Time: 2930000 | a =  31, b =   4, acc_in =              2364411, acc_out =              2364535
Time: 2950000 | a =  88, b = 150, acc_in =              2364535, acc_out =              2377735
Time: 2970000 | a =  20, b =  18, acc_in =              2377735, acc_out =              2378095
Time: 2990000 | a = 150, b = 177, acc_in =              2378095, acc_out =              2404645
Time: 3010000 | a =  85, b = 237, acc_in =              2404645, acc_out =              2424790
Time: 3030000 | a =  43, b = 245, acc_in =              2424790, acc_out =              2435325
Time: 3050000 | a = 173, b =  39, acc_in =              2435325, acc_out =              2442072
Time: 3070000 | a = 132, b = 167, acc_in =              2442072, acc_out =              2464116
Time: 3090000 | a = 231, b = 185, acc_in =              2464116, acc_out =              2506851
Time: 3110000 | a =  73, b = 219, acc_in =              2506851, acc_out =              2522838
Time: 3130000 | a = 201, b =  81, acc_in =              2522838, acc_out =              2539119
Time: 3150000 | a = 161, b =  42, acc_in =              2539119, acc_out =              2545881
Time: 3170000 | a = 250, b =  69, acc_in =              2545881, acc_out =              2563131
Time: 3190000 | a = 131, b = 124, acc_in =              2563131, acc_out =              2579375
Time: 3210000 | a = 114, b = 254, acc_in =              2579375, acc_out =              2608331
Time: 3230000 | a = 104, b = 111, acc_in =              2608331, acc_out =              2619875
Time: 3250000 | a = 134, b = 240, acc_in =              2619875, acc_out =              2652035
Time: 3270000 | a =  56, b =  64, acc_in =              2652035, acc_out =              2655619
Time: 3290000 | a =  40, b = 246, acc_in =              2655619, acc_out =              2665459
Time: 3310000 | a = 197, b = 192, acc_in =              2665459, acc_out =              2703283
Time: 3330000 | a = 116, b =  57, acc_in =              2703283, acc_out =              2709895
Time: 3350000 | a = 176, b =  60, acc_in =              2709895, acc_out =              2720455
Time: 3370000 | a =  42, b =  98, acc_in =              2720455, acc_out =              2724571
Time: 3390000 | a =  21, b = 225, acc_in =              2724571, acc_out =              2729296
Time: 3410000 | a =  23, b =  67, acc_in =              2729296, acc_out =              2730837
Time: 3430000 | a = 201, b = 134, acc_in =              2730837, acc_out =              2757771
Time: 3450000 | a =  37, b = 193, acc_in =              2757771, acc_out =              2764912
Time: 3470000 | a = 141, b =  90, acc_in =              2764912, acc_out =              2777602
Time: 3490000 | a =   7, b =  44, acc_in =              2777602, acc_out =              2777910
Time: 3510000 | a =  12, b = 113, acc_in =              2777910, acc_out =              2779266
Time: 3530000 | a =  59, b = 182, acc_in =              2779266, acc_out =              2790004
Time: 3550000 | a = 247, b = 158, acc_in =              2790004, acc_out =              2829030
Time: 3570000 | a =  92, b =  85, acc_in =              2829030, acc_out =              2836850
Time: 3590000 | a =  32, b = 160, acc_in =              2836850, acc_out =              2841970
Time: 3610000 | a = 114, b = 180, acc_in =              2841970, acc_out =              2862490
Time: 3630000 | a = 221, b =  13, acc_in =              2862490, acc_out =              2865363
Time: 3650000 | a =  75, b = 121, acc_in =              2865363, acc_out =              2874438
Time: 3670000 | a = 158, b = 253, acc_in =              2874438, acc_out =              2914412
Time: 3690000 | a = 123, b = 143, acc_in =              2914412, acc_out =              2932001
Time: 3710000 | a =   3, b = 227, acc_in =              2932001, acc_out =              2932682
Time: 3730000 | a =  29, b = 177, acc_in =              2932682, acc_out =              2937815
Time: 3750000 | a =  68, b = 149, acc_in =              2937815, acc_out =              2947947
Time: 3770000 | a = 224, b = 237, acc_in =              2947947, acc_out =              3001035
Time: 3790000 | a =  82, b = 248, acc_in =              3001035, acc_out =              3021371
Time: 3810000 | a = 141, b =  82, acc_in =              3021371, acc_out =              3032933
Time: 3830000 | a = 132, b =  70, acc_in =              3032933, acc_out =              3042173
Time: 3850000 | a = 140, b = 144, acc_in =              3042173, acc_out =              3062333
Time: 3870000 | a =  23, b = 106, acc_in =              3062333, acc_out =              3064771
Time: 3890000 | a = 132, b = 170, acc_in =              3064771, acc_out =              3087211
Time: 3910000 | a = 124, b =  96, acc_in =              3087211, acc_out =              3099115
Time: 3930000 | a = 186, b = 139, acc_in =              3099115, acc_out =              3124969
Time: 3950000 | a = 166, b =  37, acc_in =              3124969, acc_out =              3131111
Time: 3970000 | a =  50, b = 162, acc_in =              3131111, acc_out =              3139211
Time: 3990000 | a =  73, b =  20, acc_in =              3139211, acc_out =              3140671
Time: 4010000 | a =  61, b =  75, acc_in =              3140671, acc_out =              3145246
Time: 4030000 | a =  92, b =  71, acc_in =              3145246, acc_out =              3151778
Time: 4050000 | a = 134, b =  57, acc_in =              3151778, acc_out =              3159416
Time: 4070000 | a = 180, b = 208, acc_in =              3159416, acc_out =              3196856
Time: 4090000 | a =  44, b = 140, acc_in =              3196856, acc_out =              3203016
Time: 4110000 | a =   7, b = 106, acc_in =              3203016, acc_out =              3203758
Time: 4130000 | a =  17, b = 232, acc_in =              3203758, acc_out =              3207702
Time: 4150000 | a =  75, b = 115, acc_in =              3207702, acc_out =              3216327
Time: 4170000 | a = 236, b =  35, acc_in =              3216327, acc_out =              3224587
Time: 4190000 | a = 164, b = 201, acc_in =              3224587, acc_out =              3257551
Time: 4210000 | a =  57, b = 223, acc_in =              3257551, acc_out =              3270262
Time: 4230000 | a = 212, b = 103, acc_in =              3270262, acc_out =              3292098
Time: 4250000 | a = 157, b = 176, acc_in =              3292098, acc_out =              3319730
Time: 4270000 | a = 130, b =  73, acc_in =              3319730, acc_out =              3329220
Time: 4290000 | a = 217, b =  32, acc_in =              3329220, acc_out =              3336164
Time: 4310000 | a =  28, b = 147, acc_in =              3336164, acc_out =              3340280
Time: 4330000 | a = 227, b =  42, acc_in =              3340280, acc_out =              3349814
Time: 4350000 | a = 200, b =  93, acc_in =              3349814, acc_out =              3368414
Time: 4370000 | a =  58, b = 132, acc_in =              3368414, acc_out =              3376070
Time: 4390000 | a =  43, b =  57, acc_in =              3376070, acc_out =              3378521
Time: 4410000 | a =  18, b =  82, acc_in =              3378521, acc_out =              3379997
Time: 4430000 | a =  89, b = 208, acc_in =              3379997, acc_out =              3398509
Time: 4450000 | a = 110, b = 151, acc_in =              3398509, acc_out =              3415119
Time: 4470000 | a = 219, b = 166, acc_in =              3415119, acc_out =              3451473
Time: 4490000 | a = 187, b =   0, acc_in =              3451473, acc_out =              3451473
Time: 4510000 | a =  15, b = 105, acc_in =              3451473, acc_out =              3453048
Time: 4530000 | a =  12, b =  89, acc_in =              3453048, acc_out =              3454116
Time: 4550000 | a = 197, b = 207, acc_in =              3454116, acc_out =              3494895
Time: 4570000 | a = 144, b =  81, acc_in =              3494895, acc_out =              3506559
Time: 4590000 | a = 105, b = 119, acc_in =              3506559, acc_out =              3519054
Time: 4610000 | a =  74, b = 216, acc_in =              3519054, acc_out =              3535038
Time: 4630000 | a = 155, b = 196, acc_in =              3535038, acc_out =              3565418
Time: 4650000 | a = 184, b = 183, acc_in =              3565418, acc_out =              3599090
Time: 4670000 | a = 134, b =  48, acc_in =              3599090, acc_out =              3605522
Time: 4690000 | a = 119, b = 181, acc_in =              3605522, acc_out =              3627061
Time: 4710000 | a = 212, b =   7, acc_in =              3627061, acc_out =              3628545
Time: 4730000 | a = 118, b = 233, acc_in =              3628545, acc_out =              3656039
Time: 4750000 | a = 139, b =   1, acc_in =              3656039, acc_out =              3656178
Time: 4770000 | a = 219, b = 128, acc_in =              3656178, acc_out =              3684210
Time: 4790000 | a = 194, b = 197, acc_in =              3684210, acc_out =              3722428
Time: 4810000 | a =  48, b = 175, acc_in =              3722428, acc_out =              3730828
Time: 4830000 | a = 102, b = 175, acc_in =              3730828, acc_out =              3748678
Time: 4850000 | a = 233, b = 248, acc_in =              3748678, acc_out =              3806462
Time: 4870000 | a =   6, b = 239, acc_in =              3806462, acc_out =              3807896
Time: 4890000 | a = 225, b = 149, acc_in =              3807896, acc_out =              3841421
Time: 4910000 | a = 238, b =  96, acc_in =              3841421, acc_out =              3864269
Time: 4930000 | a = 229, b =  40, acc_in =              3864269, acc_out =              3873429
Time: 4950000 | a = 100, b =  41, acc_in =              3873429, acc_out =              3877529
Time: 4970000 | a = 225, b = 119, acc_in =              3877529, acc_out =              3904304
Time: 4990000 | a = 110, b = 129, acc_in =              3904304, acc_out =              3918494
Time: 5010000 | a = 213, b = 104, acc_in =              3918494, acc_out =              3940646
Time: 5030000 | a = 240, b = 170, acc_in =              3940646, acc_out =              3981446
Time: 5050000 | a =  15, b = 241, acc_in =              3981446, acc_out =              3985061
Time: 5070000 | a = 125, b = 142, acc_in =              3985061, acc_out =              4002811
Time: 5090000 | a = 226, b =  60, acc_in =              4002811, acc_out =              4016371
Time: 5110000 | a = 169, b = 239, acc_in =              4016371, acc_out =              4056762
Time: 5130000 | a =  91, b = 175, acc_in =              4056762, acc_out =              4072687
Time: 5150000 | a =  74, b = 185, acc_in =              4072687, acc_out =              4086377
Time: 5170000 | a =  19, b =  19, acc_in =              4086377, acc_out =              4086738
Time: 5190000 | a = 101, b =  81, acc_in =              4086738, acc_out =              4094919
Time: 5210000 | a = 183, b = 153, acc_in =              4094919, acc_out =              4122918
Time: 5230000 | a =  58, b = 113, acc_in =              4122918, acc_out =              4129472
Time: 5250000 | a =  98, b = 228, acc_in =              4129472, acc_out =              4151816
Time: 5270000 | a =  42, b = 125, acc_in =              4151816, acc_out =              4157066
Time: 5290000 | a =  89, b = 229, acc_in =              4157066, acc_out =              4177447
Time: 5310000 | a = 237, b = 201, acc_in =              4177447, acc_out =              4225084
Time: 5330000 | a =  65, b = 175, acc_in =              4225084, acc_out =              4236459
Time: 5350000 | a = 219, b = 205, acc_in =              4236459, acc_out =              4281354
Time: 5370000 | a = 112, b =   6, acc_in =              4281354, acc_out =              4282026
Time: 5390000 | a = 162, b = 189, acc_in =              4282026, acc_out =              4312644
Time: 5410000 | a = 106, b = 220, acc_in =              4312644, acc_out =              4335964
Time: 5430000 | a =  80, b = 123, acc_in =              4335964, acc_out =              4345804
Time: 5450000 | a =  37, b = 120, acc_in =              4345804, acc_out =              4350244
Time: 5470000 | a = 246, b =  92, acc_in =              4350244, acc_out =              4372876
Time: 5490000 | a =  35, b = 121, acc_in =              4372876, acc_out =              4377111
Time: 5510000 | a = 200, b = 187, acc_in =              4377111, acc_out =              4414511
Time: 5530000 | a =  14, b = 115, acc_in =              4414511, acc_out =              4416121
Time: 5550000 | a =  12, b = 206, acc_in =              4416121, acc_out =              4418593
Time: 5570000 | a = 212, b =  89, acc_in =              4418593, acc_out =              4437461
Time: 5590000 | a = 185, b = 179, acc_in =              4437461, acc_out =              4470576
Time: 5610000 | a = 244, b = 117, acc_in =              4470576, acc_out =              4499124
Time: 5630000 | a =  12, b =  57, acc_in =              4499124, acc_out =              4499808
Time: 5650000 | a =   2, b =  21, acc_in =              4499808, acc_out =              4499850
Time: 5670000 | a =   5, b =  78, acc_in =              4499850, acc_out =              4500240
Time: 5690000 | a =   2, b = 184, acc_in =              4500240, acc_out =              4500608
Time: 5710000 | a =   8, b = 141, acc_in =              4500608, acc_out =              4501736
Time: 5730000 | a = 175, b = 232, acc_in =              4501736, acc_out =              4542336
Time: 5750000 | a = 144, b = 245, acc_in =              4542336, acc_out =              4577616
Time: 5770000 | a =  76, b = 123, acc_in =              4577616, acc_out =              4586964
Time: 5790000 | a =  64, b =  37, acc_in =              4586964, acc_out =              4589332
Time: 5810000 | a =  13, b = 112, acc_in =              4589332, acc_out =              4590788
Time: 5830000 | a =  45, b =  41, acc_in =              4590788, acc_out =              4592633
Time: 5850000 | a = 188, b =  48, acc_in =              4592633, acc_out =              4601657
Time: 5870000 | a = 192, b =  80, acc_in =              4601657, acc_out =              4617017
Time: 5890000 | a = 161, b =  77, acc_in =              4617017, acc_out =              4629414
Time: 5910000 | a = 245, b = 245, acc_in =              4629414, acc_out =              4689439
Time: 5930000 | a =  93, b = 148, acc_in =              4689439, acc_out =              4703203
Time: 5950000 | a = 106, b = 188, acc_in =              4703203, acc_out =              4723131
Time: 5970000 | a = 184, b = 158, acc_in =              4723131, acc_out =              4752203
Time: 5990000 | a = 250, b =  70, acc_in =              4752203, acc_out =              4769703
Time: 6010000 | a =   7, b = 147, acc_in =              4769703, acc_out =              4770732
Time: 6030000 | a =  85, b = 183, acc_in =              4770732, acc_out =              4786287
Time: 6050000 | a =  69, b =  99, acc_in =              4786287, acc_out =              4793118
Time: 6070000 | a =  89, b =  38, acc_in =              4793118, acc_out =              4796500
Time: 6090000 | a = 104, b =  30, acc_in =              4796500, acc_out =              4799620
Time: 6110000 | a = 144, b =  90, acc_in =              4799620, acc_out =              4812580
Time: 6130000 | a =  28, b = 185, acc_in =              4812580, acc_out =              4817760
Time: 6150000 | a = 171, b = 208, acc_in =              4817760, acc_out =              4853328
Time: 6170000 | a = 111, b = 216, acc_in =              4853328, acc_out =              4877304
Time: 6190000 | a =  69, b = 141, acc_in =              4877304, acc_out =              4887033
Time: 6210000 | a = 139, b = 252, acc_in =              4887033, acc_out =              4922061
Time: 6230000 | a = 220, b = 164, acc_in =              4922061, acc_out =              4958141
Time: 6250000 | a =  25, b = 165, acc_in =              4958141, acc_out =              4962266
Time: 6270000 | a =  62, b = 243, acc_in =              4962266, acc_out =              4977332
Time: 6290000 | a =  88, b = 196, acc_in =              4977332, acc_out =              4994580
Time: 6310000 | a =  92, b =   6, acc_in =              4994580, acc_out =              4995132
Time: 6330000 | a = 154, b =  24, acc_in =              4995132, acc_out =              4998828
Time: 6350000 | a = 197, b = 170, acc_in =              4998828, acc_out =              5032318
Time: 6370000 | a =  26, b = 195, acc_in =              5032318, acc_out =              5037388
Time: 6390000 | a = 178, b =  12, acc_in =              5037388, acc_out =              5039524
Time: 6410000 | a = 233, b = 195, acc_in =              5039524, acc_out =              5084959
Time: 6430000 | a = 235, b = 248, acc_in =              5084959, acc_out =              5143239
Time: 6450000 | a = 242, b = 137, acc_in =              5143239, acc_out =              5176393
Time: 6470000 | a = 111, b =  27, acc_in =              5176393, acc_out =              5179390
Time: 6490000 | a = 173, b = 104, acc_in =              5179390, acc_out =              5197382
Time: 6510000 | a =  37, b = 207, acc_in =              5197382, acc_out =              5205041
Time: 6530000 | a = 171, b =  27, acc_in =              5205041, acc_out =              5209658
Time: 6550000 | a = 128, b =  93, acc_in =              5209658, acc_out =              5221562
Time: 6570000 | a = 130, b =   4, acc_in =              5221562, acc_out =              5222082
Time: 6590000 | a =  87, b =  54, acc_in =              5222082, acc_out =              5226780
Time: 6610000 | a =  50, b = 121, acc_in =              5226780, acc_out =              5232830
Time: 6630000 | a = 228, b =  22, acc_in =              5232830, acc_out =              5237846
Time: 6650000 | a = 170, b = 192, acc_in =              5237846, acc_out =              5270486
Time: 6670000 | a =  46, b = 140, acc_in =              5270486, acc_out =              5276926
Time: 6690000 | a = 113, b = 251, acc_in =              5276926, acc_out =              5305289
Time: 6710000 | a = 188, b = 220, acc_in =              5305289, acc_out =              5346649
Time: 6730000 | a =  23, b = 193, acc_in =              5346649, acc_out =              5351088
Time: 6750000 | a = 235, b = 181, acc_in =              5351088, acc_out =              5393623
Time: 6770000 | a = 137, b = 143, acc_in =              5393623, acc_out =              5413214
Time: 6790000 | a = 191, b = 176, acc_in =              5413214, acc_out =              5446830
Time: 6810000 | a = 211, b = 214, acc_in =              5446830, acc_out =              5491984
Time: 6830000 | a = 130, b =  26, acc_in =              5491984, acc_out =              5495364
Time: 6850000 | a = 113, b = 215, acc_in =              5495364, acc_out =              5519659
Time: 6870000 | a =  14, b = 241, acc_in =              5519659, acc_out =              5523033
Time: 6890000 | a = 205, b =   5, acc_in =              5523033, acc_out =              5524058
Time: 6910000 | a =  28, b = 152, acc_in =              5524058, acc_out =              5528314
Time: 6930000 | a = 236, b =  42, acc_in =              5528314, acc_out =              5538226
Time: 6950000 | a = 101, b =  55, acc_in =              5538226, acc_out =              5543781
Time: 6970000 | a =   3, b = 254, acc_in =              5543781, acc_out =              5544543
Time: 6990000 | a = 253, b =  62, acc_in =              5544543, acc_out =              5560229
Time: 7010000 | a = 232, b = 116, acc_in =              5560229, acc_out =              5587141
Time: 7030000 | a = 176, b =   6, acc_in =              5587141, acc_out =              5588197
Time: 7050000 | a =  18, b = 104, acc_in =              5588197, acc_out =              5590069
Time: 7070000 | a = 197, b = 254, acc_in =              5590069, acc_out =              5640107
Time: 7090000 | a =  54, b = 243, acc_in =              5640107, acc_out =              5653229
Time: 7110000 | a = 251, b = 107, acc_in =              5653229, acc_out =              5680086
Time: 7130000 | a =  23, b =  15, acc_in =              5680086, acc_out =              5680431
Time: 7150000 | a =  20, b =  42, acc_in =              5680431, acc_out =              5681271
Time: 7170000 | a = 166, b = 212, acc_in =              5681271, acc_out =              5716463
Time: 7190000 | a = 203, b = 107, acc_in =              5716463, acc_out =              5738184
Time: 7210000 | a =   4, b = 244, acc_in =              5738184, acc_out =              5739160
Time: 7230000 | a = 141, b = 225, acc_in =              5739160, acc_out =              5770885
Time: 7250000 | a = 133, b = 185, acc_in =              5770885, acc_out =              5795490
Time: 7270000 | a = 201, b =  96, acc_in =              5795490, acc_out =              5814786
Time: 7290000 | a =  70, b =  60, acc_in =              5814786, acc_out =              5818986
Time: 7310000 | a =  55, b =  88, acc_in =              5818986, acc_out =              5823826
Time: 7330000 | a = 115, b =  14, acc_in =              5823826, acc_out =              5825436
Time: 7350000 | a = 220, b =  48, acc_in =              5825436, acc_out =              5835996
Time: 7370000 | a = 208, b =   0, acc_in =              5835996, acc_out =              5835996
Time: 7390000 | a =  67, b = 248, acc_in =              5835996, acc_out =              5852612
Time: 7410000 | a = 161, b =  83, acc_in =              5852612, acc_out =              5865975
Time: 7430000 | a = 152, b =  95, acc_in =              5865975, acc_out =              5880415
Time: 7450000 | a = 135, b = 250, acc_in =              5880415, acc_out =              5914165
Time: 7470000 | a =  45, b = 112, acc_in =              5914165, acc_out =              5919205
Time: 7490000 | a = 107, b =  49, acc_in =              5919205, acc_out =              5924448
Time: 7510000 | a =  18, b =  12, acc_in =              5924448, acc_out =              5924664
Time: 7530000 | a =  13, b =  21, acc_in =              5924664, acc_out =              5924937
Time: 7550000 | a =  64, b = 148, acc_in =              5924937, acc_out =              5934409
Time: 7570000 | a =  84, b = 128, acc_in =              5934409, acc_out =              5945161
Time: 7590000 | a =  19, b = 195, acc_in =              5945161, acc_out =              5948866
Time: 7610000 | a = 237, b = 220, acc_in =              5948866, acc_out =              6001006
Time: 7630000 | a = 120, b =  39, acc_in =              6001006, acc_out =              6005686
Time: 7650000 | a =  95, b =  35, acc_in =              6005686, acc_out =              6009011
Time: 7670000 | a = 171, b =  56, acc_in =              6009011, acc_out =              6018587
Time: 7690000 | a =  34, b = 201, acc_in =              6018587, acc_out =              6025421
Time: 7710000 | a = 199, b = 130, acc_in =              6025421, acc_out =              6051291
Time: 7730000 | a = 206, b = 199, acc_in =              6051291, acc_out =              6092285
Time: 7750000 | a =  36, b = 219, acc_in =              6092285, acc_out =              6100169
Time: 7770000 | a =   8, b = 117, acc_in =              6100169, acc_out =              6101105
Time: 7790000 | a = 181, b =  26, acc_in =              6101105, acc_out =              6105811
Time: 7810000 | a =  56, b = 130, acc_in =              6105811, acc_out =              6113091
Time: 7830000 | a =  88, b =  80, acc_in =              6113091, acc_out =              6120131
Time: 7850000 | a = 163, b = 164, acc_in =              6120131, acc_out =              6146863
Time: 7870000 | a = 101, b = 234, acc_in =              6146863, acc_out =              6170497
Time: 7890000 | a =   6, b =  84, acc_in =              6170497, acc_out =              6171001
Time: 7910000 | a =  91, b = 200, acc_in =              6171001, acc_out =              6189201
Time: 7930000 | a =  72, b =  55, acc_in =              6189201, acc_out =              6193161
Time: 7950000 | a = 248, b = 181, acc_in =              6193161, acc_out =              6238049
Time: 7970000 | a =  81, b = 131, acc_in =              6238049, acc_out =              6248660
Time: 7990000 | a = 155, b =  53, acc_in =              6248660, acc_out =              6256875
Time: 8010000 | a = 176, b = 251, acc_in =              6256875, acc_out =              6301051
Time: 8030000 | a =  79, b =  48, acc_in =              6301051, acc_out =              6304843
Time: 8050000 | a =  24, b = 221, acc_in =              6304843, acc_out =              6310147
Time: 8070000 | a =  70, b =  97, acc_in =              6310147, acc_out =              6316937
Time: 8090000 | a =  89, b =  85, acc_in =              6316937, acc_out =              6324502
Time: 8110000 | a =  47, b =  11, acc_in =              6324502, acc_out =              6325019
Time: 8130000 | a = 222, b = 211, acc_in =              6325019, acc_out =              6371861
Time: 8150000 | a =  40, b = 233, acc_in =              6371861, acc_out =              6381181
Time: 8170000 | a =  88, b = 213, acc_in =              6381181, acc_out =              6399925
Time: 8190000 | a = 195, b = 212, acc_in =              6399925, acc_out =              6441265
Time: 8210000 | a = 164, b = 126, acc_in =              6441265, acc_out =              6461929
Time: 8230000 | a = 214, b =  15, acc_in =              6461929, acc_out =              6465139
Time: 8250000 | a = 131, b = 160, acc_in =              6465139, acc_out =              6486099
Time: 8270000 | a = 130, b = 191, acc_in =              6486099, acc_out =              6510929
Time: 8290000 | a =  69, b = 119, acc_in =              6510929, acc_out =              6519140
Time: 8310000 | a =  69, b = 117, acc_in =              6519140, acc_out =              6527213
Time: 8330000 | a = 248, b = 198, acc_in =              6527213, acc_out =              6576317
Time: 8350000 | a = 108, b =  80, acc_in =              6576317, acc_out =              6584957
Time: 8370000 | a =  49, b = 156, acc_in =              6584957, acc_out =              6592601
Time: 8390000 | a = 188, b = 175, acc_in =              6592601, acc_out =              6625501
Time: 8410000 | a =  14, b = 105, acc_in =              6625501, acc_out =              6626971
Time: 8430000 | a = 178, b = 222, acc_in =              6626971, acc_out =              6666487
Time: 8450000 | a = 133, b = 170, acc_in =              6666487, acc_out =              6689097
Time: 8470000 | a =  40, b = 194, acc_in =              6689097, acc_out =              6696857
Time: 8490000 | a = 154, b = 211, acc_in =              6696857, acc_out =              6729351
Time: 8510000 | a = 186, b = 251, acc_in =              6729351, acc_out =              6776037
Time: 8530000 | a = 139, b = 194, acc_in =              6776037, acc_out =              6803003
Time: 8550000 | a = 204, b = 113, acc_in =              6803003, acc_out =              6826055
Time: 8570000 | a = 158, b =  97, acc_in =              6826055, acc_out =              6841381
Time: 8590000 | a = 123, b = 191, acc_in =              6841381, acc_out =              6864874
Time: 8610000 | a = 145, b = 192, acc_in =              6864874, acc_out =              6892714
Time: 8630000 | a =  89, b = 126, acc_in =              6892714, acc_out =              6903928
Time: 8650000 | a =  84, b =  81, acc_in =              6903928, acc_out =              6910732
Time: 8670000 | a =  73, b = 231, acc_in =              6910732, acc_out =              6927595
Time: 8690000 | a =  36, b = 131, acc_in =              6927595, acc_out =              6932311
Time: 8710000 | a =  91, b = 185, acc_in =              6932311, acc_out =              6949146
Time: 8730000 | a = 149, b = 119, acc_in =              6949146, acc_out =              6966877
Time: 8750000 | a = 241, b = 230, acc_in =              6966877, acc_out =              7022307
Time: 8770000 | a = 175, b =   4, acc_in =              7022307, acc_out =              7023007
Time: 8790000 | a =  18, b = 252, acc_in =              7023007, acc_out =              7027543
Time: 8810000 | a = 171, b = 196, acc_in =              7027543, acc_out =              7061059
Time: 8830000 | a =  63, b = 194, acc_in =              7061059, acc_out =              7073281
Time: 8850000 | a = 115, b =  90, acc_in =              7073281, acc_out =              7083631
Time: 8870000 | a = 160, b = 254, acc_in =              7083631, acc_out =              7124271
Time: 8890000 | a = 116, b = 187, acc_in =              7124271, acc_out =              7145963
Time: 8910000 | a = 226, b = 226, acc_in =              7145963, acc_out =              7197039
Time: 8930000 | a = 223, b = 152, acc_in =              7197039, acc_out =              7230935
Time: 8950000 | a = 159, b =  16, acc_in =              7230935, acc_out =              7233479
Time: 8970000 | a = 242, b = 189, acc_in =              7233479, acc_out =              7279217
Time: 8990000 | a = 171, b = 180, acc_in =              7279217, acc_out =              7309997
Time: 9010000 | a =  84, b = 137, acc_in =              7309997, acc_out =              7321505
Time: 9030000 | a =  19, b = 172, acc_in =              7321505, acc_out =              7324773
Time: 9050000 | a =  53, b =  59, acc_in =              7324773, acc_out =              7327900
Time: 9070000 | a =  53, b =  47, acc_in =              7327900, acc_out =              7330391
Time: 9090000 | a =  52, b =  85, acc_in =              7330391, acc_out =              7334811
Time: 9110000 | a = 188, b = 242, acc_in =              7334811, acc_out =              7380307
Time: 9130000 | a = 167, b = 193, acc_in =              7380307, acc_out =              7412538
Time: 9150000 | a = 228, b =  65, acc_in =              7412538, acc_out =              7427358
Time: 9170000 | a = 105, b = 250, acc_in =              7427358, acc_out =              7453608
Time: 9190000 | a = 205, b = 255, acc_in =              7453608, acc_out =              7505883
Time: 9210000 | a = 181, b = 232, acc_in =              7505883, acc_out =              7547875
Time: 9230000 | a =  75, b =  18, acc_in =              7547875, acc_out =              7549225
Time: 9250000 | a =  55, b = 174, acc_in =              7549225, acc_out =              7558795
Time: 9270000 | a = 248, b =  32, acc_in =              7558795, acc_out =              7566731
Time: 9290000 | a = 218, b =  34, acc_in =              7566731, acc_out =              7574143
Time: 9310000 | a = 236, b =  42, acc_in =              7574143, acc_out =              7584055
Time: 9330000 | a = 122, b =  30, acc_in =              7584055, acc_out =              7587715
Time: 9350000 | a = 233, b = 235, acc_in =              7587715, acc_out =              7642470
Time: 9370000 | a =  11, b = 110, acc_in =              7642470, acc_out =              7643680
Time: 9390000 | a =  94, b = 124, acc_in =              7643680, acc_out =              7655336
Time: 9410000 | a =  69, b = 139, acc_in =              7655336, acc_out =              7664927
Time: 9430000 | a =  18, b =  55, acc_in =              7664927, acc_out =              7665917
Time: 9450000 | a = 131, b = 225, acc_in =              7665917, acc_out =              7695392
Time: 9470000 | a = 206, b =  74, acc_in =              7695392, acc_out =              7710636
Time: 9490000 | a = 213, b = 205, acc_in =              7710636, acc_out =              7754301
Time: 9510000 | a = 228, b = 244, acc_in =              7754301, acc_out =              7809933
Time: 9530000 | a = 236, b =  26, acc_in =              7809933, acc_out =              7816069
Time: 9550000 | a = 227, b = 236, acc_in =              7816069, acc_out =              7869641
Time: 9570000 | a = 243, b =  45, acc_in =              7869641, acc_out =              7880576
Time: 9590000 | a =  92, b = 221, acc_in =              7880576, acc_out =              7900908
Time: 9610000 | a = 236, b = 143, acc_in =              7900908, acc_out =              7934656
Time: 9630000 | a = 255, b = 120, acc_in =              7934656, acc_out =              7965256
Time: 9650000 | a = 171, b =  39, acc_in =              7965256, acc_out =              7971925
Time: 9670000 | a = 251, b =  19, acc_in =              7971925, acc_out =              7976694
Time: 9690000 | a =  12, b = 187, acc_in =              7976694, acc_out =              7978938
Time: 9710000 | a = 230, b =  73, acc_in =              7978938, acc_out =              7995728
Time: 9730000 | a = 106, b =  10, acc_in =              7995728, acc_out =              7996788
Time: 9750000 | a =  24, b = 150, acc_in =              7996788, acc_out =              8000388
Time: 9770000 | a =   9, b =  46, acc_in =              8000388, acc_out =              8000802
Time: 9790000 | a = 189, b = 102, acc_in =              8000802, acc_out =              8020080
Time: 9810000 | a = 118, b = 117, acc_in =              8020080, acc_out =              8033886
Time: 9830000 | a = 143, b = 149, acc_in =              8033886, acc_out =              8055193
Time: 9850000 | a = 123, b = 124, acc_in =              8055193, acc_out =              8070445
Time: 9870000 | a = 111, b = 201, acc_in =              8070445, acc_out =              8092756
Time: 9890000 | a = 201, b = 180, acc_in =              8092756, acc_out =              8128936
Time: 9910000 | a = 218, b = 173, acc_in =              8128936, acc_out =              8166650
Time: 9930000 | a = 223, b =  13, acc_in =              8166650, acc_out =              8169549
Time: 9950000 | a = 112, b = 131, acc_in =              8169549, acc_out =              8184221
Time: 9970000 | a =  81, b =   4, acc_in =              8184221, acc_out =              8184545
Time: 9990000 | a = 128, b = 249, acc_in =              8184545, acc_out =              8216417
Time: 10010000 | a =   6, b = 202, acc_in =              8216417, acc_out =              8217629
Time: 10030000 | a = 223, b = 201, acc_in =              8217629, acc_out =              8262452
Time: 10050000 | a = 132, b = 176, acc_in =              8262452, acc_out =              8285684
Time: 10070000 | a = 233, b =  16, acc_in =              8285684, acc_out =              8289412
Time: 10090000 | a = 222, b = 172, acc_in =              8289412, acc_out =              8327596
Time: 10110000 | a =   9, b = 215, acc_in =              8327596, acc_out =              8329531
Time: 10130000 | a =  97, b =  13, acc_in =              8329531, acc_out =              8330792
Time: 10150000 | a = 145, b = 211, acc_in =              8330792, acc_out =              8361387
Time: 10170000 | a = 154, b =  47, acc_in =              8361387, acc_out =              8368625
Time: 10190000 | a =  78, b = 183, acc_in =              8368625, acc_out =              8382899
Time: 10210000 | a = 198, b =  93, acc_in =              8382899, acc_out =              8401313
Time: 10230000 | a = 156, b =  47, acc_in =              8401313, acc_out =              8408645
Time: 10250000 | a =  68, b = 155, acc_in =              8408645, acc_out =              8419185
Time: 10270000 | a =  98, b = 233, acc_in =              8419185, acc_out =              8442019
Time: 10290000 | a =  46, b = 141, acc_in =              8442019, acc_out =              8448505
Time: 10310000 | a = 198, b = 170, acc_in =              8448505, acc_out =              8482165
Time: 10330000 | a = 160, b =  55, acc_in =              8482165, acc_out =              8490965
Time: 10350000 | a = 240, b = 232, acc_in =              8490965, acc_out =              8546645
Time: 10370000 | a = 205, b = 209, acc_in =              8546645, acc_out =              8589490
Time: 10390000 | a = 187, b = 223, acc_in =              8589490, acc_out =              8631191
Time: 10410000 | a = 125, b =  88, acc_in =              8631191, acc_out =              8642191
Time: 10430000 | a = 159, b = 151, acc_in =              8642191, acc_out =              8666200
Time: 10450000 | a =   6, b =  41, acc_in =              8666200, acc_out =              8666446
Time: 10470000 | a = 196, b = 215, acc_in =              8666446, acc_out =              8708586
Time: 10490000 | a =  93, b =  77, acc_in =              8708586, acc_out =              8715747
Time: 10510000 | a = 115, b = 127, acc_in =              8715747, acc_out =              8730352
Time: 10530000 | a =  78, b = 185, acc_in =              8730352, acc_out =              8744782
Time: 10550000 | a = 224, b =  57, acc_in =              8744782, acc_out =              8757550
Time: 10570000 | a = 129, b =  49, acc_in =              8757550, acc_out =              8763871
Time: 10590000 | a = 143, b = 254, acc_in =              8763871, acc_out =              8800193
Time: 10610000 | a =  93, b =  15, acc_in =              8800193, acc_out =              8801588
Time: 10630000 | a =  51, b = 105, acc_in =              8801588, acc_out =              8806943
Time: 10650000 | a =  86, b = 154, acc_in =              8806943, acc_out =              8820187
Time: 10670000 | a =  92, b =  73, acc_in =              8820187, acc_out =              8826903
Time: 10690000 | a = 211, b =  58, acc_in =              8826903, acc_out =              8839141
Time: 10710000 | a = 216, b = 120, acc_in =              8839141, acc_out =              8865061
Time: 10730000 | a =  57, b =  37, acc_in =              8865061, acc_out =              8867170
Time: 10750000 | a =   9, b =  86, acc_in =              8867170, acc_out =              8867944
Time: 10770000 | a =  44, b = 211, acc_in =              8867944, acc_out =              8877228
Time: 10790000 | a =  26, b =   0, acc_in =              8877228, acc_out =              8877228
Time: 10810000 | a = 172, b = 232, acc_in =              8877228, acc_out =              8917132
Time: 10830000 | a = 108, b = 160, acc_in =              8917132, acc_out =              8934412
Time: 10850000 | a =  29, b = 209, acc_in =              8934412, acc_out =              8940473
Time: 10870000 | a =   0, b = 218, acc_in =              8940473, acc_out =              8940473
Time: 10890000 | a = 216, b = 192, acc_in =              8940473, acc_out =              8981945
Time: 10910000 | a =  76, b = 209, acc_in =              8981945, acc_out =              8997829
Time: 10930000 | a =  81, b =  81, acc_in =              8997829, acc_out =              9004390
Time: 10950000 | a =  69, b = 179, acc_in =              9004390, acc_out =              9016741
Time: 10970000 | a = 126, b = 128, acc_in =              9016741, acc_out =              9032869
Time: 10990000 | a = 252, b =  72, acc_in =              9032869, acc_out =              9051013
Time: 11010000 | a = 129, b =  49, acc_in =              9051013, acc_out =              9057334
Time: 11030000 | a = 167, b = 131, acc_in =              9057334, acc_out =              9079211
Time: 11050000 | a =  63, b =   0, acc_in =              9079211, acc_out =              9079211
Time: 11070000 | a = 100, b = 126, acc_in =              9079211, acc_out =              9091811
Time: 11090000 | a = 241, b = 142, acc_in =              9091811, acc_out =              9126033
Time: 11110000 | a = 158, b = 232, acc_in =              9126033, acc_out =              9162689
Time: 11130000 | a =  73, b =  10, acc_in =              9162689, acc_out =              9163419
Time: 11150000 | a =  95, b =  81, acc_in =              9163419, acc_out =              9171114
Time: 11170000 | a =  73, b =  37, acc_in =              9171114, acc_out =              9173815
Time: 11190000 | a = 108, b =  88, acc_in =              9173815, acc_out =              9183319
Time: 11210000 | a =  94, b =  47, acc_in =              9183319, acc_out =              9187737
Time: 11230000 | a = 131, b =  39, acc_in =              9187737, acc_out =              9192846
Time: 11250000 | a = 212, b = 148, acc_in =              9192846, acc_out =              9224222
Time: 11270000 | a = 146, b =  60, acc_in =              9224222, acc_out =              9232982
Time: 11290000 | a =  70, b = 111, acc_in =              9232982, acc_out =              9240752
Time: 11310000 | a =  65, b = 247, acc_in =              9240752, acc_out =              9256807
Time: 11330000 | a =  22, b = 114, acc_in =              9256807, acc_out =              9259315
Time: 11350000 | a = 162, b = 227, acc_in =              9259315, acc_out =              9296089
Time: 11370000 | a = 146, b = 203, acc_in =              9296089, acc_out =              9325727
Time: 11390000 | a = 104, b =  49, acc_in =              9325727, acc_out =              9330823
Time: 11410000 | a = 203, b =  85, acc_in =              9330823, acc_out =              9348078
Time: 11430000 | a = 113, b =  94, acc_in =              9348078, acc_out =              9358700
Time: 11450000 | a = 205, b = 181, acc_in =              9358700, acc_out =              9395805
Time: 11470000 | a =   8, b = 130, acc_in =              9395805, acc_out =              9396845
Time: 11490000 | a =  63, b = 176, acc_in =              9396845, acc_out =              9407933
Time: 11510000 | a = 172, b =  50, acc_in =              9407933, acc_out =              9416533
Time: 11530000 | a =   5, b =  94, acc_in =              9416533, acc_out =              9417003
Time: 11550000 | a = 184, b = 125, acc_in =              9417003, acc_out =              9440003
Time: 11570000 | a =  10, b = 141, acc_in =              9440003, acc_out =              9441413
Time: 11590000 | a = 201, b = 241, acc_in =              9441413, acc_out =              9489854
Time: 11610000 | a = 180, b = 229, acc_in =              9489854, acc_out =              9531074
Time: 11630000 | a =  52, b =  35, acc_in =              9531074, acc_out =              9532894
Time: 11650000 | a =  45, b =  49, acc_in =              9532894, acc_out =              9535099
Time: 11670000 | a =  94, b = 180, acc_in =              9535099, acc_out =              9552019
Time: 11690000 | a =  14, b = 100, acc_in =              9552019, acc_out =              9553419
Time: 11710000 | a = 100, b =  72, acc_in =              9553419, acc_out =              9560619
Time: 11730000 | a = 138, b = 155, acc_in =              9560619, acc_out =              9582009
Time: 11750000 | a = 205, b = 107, acc_in =              9582009, acc_out =              9603944
Time: 11770000 | a = 171, b = 227, acc_in =              9603944, acc_out =              9642761
Time: 11790000 | a = 189, b = 217, acc_in =              9642761, acc_out =              9683774
Time: 11810000 | a = 194, b = 224, acc_in =              9683774, acc_out =              9727230
Time: 11830000 | a =  95, b =  29, acc_in =              9727230, acc_out =              9729985
Time: 11850000 | a = 147, b =  38, acc_in =              9729985, acc_out =              9735571
Time: 11870000 | a =   5, b =   9, acc_in =              9735571, acc_out =              9735616
Time: 11890000 | a = 108, b = 107, acc_in =              9735616, acc_out =              9747172
Time: 11910000 | a = 176, b = 247, acc_in =              9747172, acc_out =              9790644
Time: 11930000 | a = 165, b =  87, acc_in =              9790644, acc_out =              9804999
Time: 11950000 | a = 118, b =  79, acc_in =              9804999, acc_out =              9814321
Time: 11970000 | a = 180, b =  29, acc_in =              9814321, acc_out =              9819541
Time: 11990000 | a = 135, b =  70, acc_in =              9819541, acc_out =              9828991
Time: 12010000 | a = 102, b = 158, acc_in =              9828991, acc_out =              9845107
Time: 12030000 | a =  63, b =  84, acc_in =              9845107, acc_out =              9850399
Time: 12050000 | a =  84, b =  76, acc_in =              9850399, acc_out =              9856783
Time: 12070000 | a =   6, b =  80, acc_in =              9856783, acc_out =              9857263
Time: 12090000 | a =  45, b = 134, acc_in =              9857263, acc_out =              9863293
Time: 12110000 | a = 106, b = 184, acc_in =              9863293, acc_out =              9882797
Time: 12130000 | a = 239, b = 160, acc_in =              9882797, acc_out =              9921037
Time: 12150000 | a =  63, b =   9, acc_in =              9921037, acc_out =              9921604
Time: 12170000 | a = 168, b =  85, acc_in =              9921604, acc_out =              9935884
Time: 12190000 | a =  30, b = 184, acc_in =              9935884, acc_out =              9941404
Time: 12210000 | a = 206, b = 214, acc_in =              9941404, acc_out =              9985488
Time: 12230000 | a =  37, b = 169, acc_in =              9985488, acc_out =              9991741
Time: 12250000 | a = 207, b =  53, acc_in =              9991741, acc_out =             10002712
Time: 12270000 | a =  64, b = 182, acc_in =             10002712, acc_out =             10014360
Time: 12290000 | a = 245, b =  90, acc_in =             10014360, acc_out =             10036410
Time: 12310000 | a = 225, b =  37, acc_in =             10036410, acc_out =             10044735
Time: 12330000 | a =  39, b =  68, acc_in =             10044735, acc_out =             10047387
Time: 12350000 | a = 121, b = 159, acc_in =             10047387, acc_out =             10066626
Time: 12370000 | a = 168, b = 201, acc_in =             10066626, acc_out =             10100394
Time: 12390000 | a = 133, b = 133, acc_in =             10100394, acc_out =             10118083
Time: 12410000 | a = 115, b = 136, acc_in =             10118083, acc_out =             10133723
Time: 12430000 | a = 150, b =  52, acc_in =             10133723, acc_out =             10141523
Time: 12450000 | a =  61, b =  81, acc_in =             10141523, acc_out =             10146464
Time: 12470000 | a =  27, b =  28, acc_in =             10146464, acc_out =             10147220
Time: 12490000 | a = 189, b = 180, acc_in =             10147220, acc_out =             10181240
Time: 12510000 | a =  78, b =  47, acc_in =             10181240, acc_out =             10184906
Time: 12530000 | a =  89, b = 236, acc_in =             10184906, acc_out =             10205910
Time: 12550000 | a =  30, b = 157, acc_in =             10205910, acc_out =             10210620
Time: 12570000 | a = 192, b = 227, acc_in =             10210620, acc_out =             10254204
Time: 12590000 | a = 100, b =  75, acc_in =             10254204, acc_out =             10261704
Time: 12610000 | a = 145, b = 132, acc_in =             10261704, acc_out =             10280844
Time: 12630000 | a =  73, b =  19, acc_in =             10280844, acc_out =             10282231
Time: 12650000 | a = 179, b =  28, acc_in =             10282231, acc_out =             10287243
Time: 12670000 | a =  40, b =  42, acc_in =             10287243, acc_out =             10288923
Time: 12690000 | a =  93, b = 238, acc_in =             10288923, acc_out =             10311057
Time: 12710000 | a = 204, b = 187, acc_in =             10311057, acc_out =             10349205
Time: 12730000 | a = 120, b = 202, acc_in =             10349205, acc_out =             10373445
Time: 12750000 | a =  93, b =  30, acc_in =             10373445, acc_out =             10376235
Time: 12770000 | a = 118, b = 203, acc_in =             10376235, acc_out =             10400189
Time: 12790000 | a = 219, b = 180, acc_in =             10400189, acc_out =             10439609
Time: 12810000 | a =  32, b =   4, acc_in =             10439609, acc_out =             10439737
Time: 12830000 | a = 121, b = 205, acc_in =             10439737, acc_out =             10464542
Time: 12850000 | a = 146, b =  69, acc_in =             10464542, acc_out =             10474616
Time: 12870000 | a = 169, b = 158, acc_in =             10474616, acc_out =             10501318
Time: 12890000 | a = 221, b = 192, acc_in =             10501318, acc_out =             10543750
Time: 12910000 | a =  75, b = 187, acc_in =             10543750, acc_out =             10557775
Time: 12930000 | a = 129, b = 178, acc_in =             10557775, acc_out =             10580737
Time: 12950000 | a = 179, b =  11, acc_in =             10580737, acc_out =             10582706
Time: 12970000 | a =  72, b = 225, acc_in =             10582706, acc_out =             10598906
Time: 12990000 | a = 252, b = 175, acc_in =             10598906, acc_out =             10643006
Time: 13010000 | a = 160, b =  14, acc_in =             10643006, acc_out =             10645246
Time: 13030000 | a = 117, b = 217, acc_in =             10645246, acc_out =             10670635
Time: 13050000 | a =  13, b =  39, acc_in =             10670635, acc_out =             10671142
Time: 13070000 | a = 116, b = 252, acc_in =             10671142, acc_out =             10700374
Time: 13090000 | a = 191, b =  95, acc_in =             10700374, acc_out =             10718519
Time: 13110000 | a = 129, b = 104, acc_in =             10718519, acc_out =             10731935
Time: 13130000 | a = 250, b = 251, acc_in =             10731935, acc_out =             10794685
Time: 13150000 | a =  25, b = 166, acc_in =             10794685, acc_out =             10798835
Time: 13170000 | a =  83, b = 239, acc_in =             10798835, acc_out =             10818672
Time: 13190000 | a = 237, b = 177, acc_in =             10818672, acc_out =             10860621
Time: 13210000 | a = 100, b =  33, acc_in =             10860621, acc_out =             10863921
Time: 13230000 | a = 246, b = 104, acc_in =             10863921, acc_out =             10889505
Time: 13250000 | a =  20, b = 111, acc_in =             10889505, acc_out =             10891725
Time: 13270000 | a =  42, b =  62, acc_in =             10891725, acc_out =             10894329
Time: 13290000 | a = 247, b =  70, acc_in =             10894329, acc_out =             10911619
Time: 13310000 | a =  61, b = 160, acc_in =             10911619, acc_out =             10921379
Time: 13330000 | a = 250, b = 244, acc_in =             10921379, acc_out =             10982379
Time: 13350000 | a =  51, b =   0, acc_in =             10982379, acc_out =             10982379
Time: 13370000 | a = 220, b = 112, acc_in =             10982379, acc_out =             11007019
Time: 13390000 | a =  41, b =  15, acc_in =             11007019, acc_out =             11007634
Time: 13410000 | a = 150, b = 215, acc_in =             11007634, acc_out =             11039884
Time: 13430000 | a =  35, b =   6, acc_in =             11039884, acc_out =             11040094
Time: 13450000 | a =  74, b =  74, acc_in =             11040094, acc_out =             11045570
Time: 13470000 | a =  65, b = 136, acc_in =             11045570, acc_out =             11054410
Time: 13490000 | a = 205, b = 113, acc_in =             11054410, acc_out =             11077575
Time: 13510000 | a =  40, b =  19, acc_in =             11077575, acc_out =             11078335
Time: 13530000 | a = 108, b =  85, acc_in =             11078335, acc_out =             11087515
Time: 13550000 | a = 254, b = 111, acc_in =             11087515, acc_out =             11115709
Time: 13570000 | a = 244, b = 193, acc_in =             11115709, acc_out =             11162801
Time: 13590000 | a = 211, b =  24, acc_in =             11162801, acc_out =             11167865
Time: 13610000 | a = 173, b = 249, acc_in =             11167865, acc_out =             11210942
Time: 13630000 | a = 200, b =  37, acc_in =             11210942, acc_out =             11218342
Time: 13650000 | a =  72, b = 227, acc_in =             11218342, acc_out =             11234686
Time: 13670000 | a = 208, b = 138, acc_in =             11234686, acc_out =             11263390
Time: 13690000 | a = 103, b = 112, acc_in =             11263390, acc_out =             11274926
Time: 13710000 | a =  96, b =  78, acc_in =             11274926, acc_out =             11282414
Time: 13730000 | a = 207, b = 114, acc_in =             11282414, acc_out =             11306012
Time: 13750000 | a = 242, b = 148, acc_in =             11306012, acc_out =             11341828
Time: 13770000 | a = 232, b = 152, acc_in =             11341828, acc_out =             11377092
Time: 13790000 | a = 158, b = 248, acc_in =             11377092, acc_out =             11416276
Time: 13810000 | a = 141, b = 203, acc_in =             11416276, acc_out =             11444899
Time: 13830000 | a = 175, b =  56, acc_in =             11444899, acc_out =             11454699
Time: 13850000 | a = 224, b = 161, acc_in =             11454699, acc_out =             11490763
Time: 13870000 | a = 148, b = 161, acc_in =             11490763, acc_out =             11514591
Time: 13890000 | a =  33, b =  37, acc_in =             11514591, acc_out =             11515812
Time: 13910000 | a = 235, b =  59, acc_in =             11515812, acc_out =             11529677
Time: 13930000 | a =  46, b = 156, acc_in =             11529677, acc_out =             11536853
Time: 13950000 | a =  22, b =  32, acc_in =             11536853, acc_out =             11537557
Time: 13970000 | a = 194, b = 149, acc_in =             11537557, acc_out =             11566463
Time: 13990000 | a =  45, b =   5, acc_in =             11566463, acc_out =             11566688
Time: 14010000 | a =   7, b = 232, acc_in =             11566688, acc_out =             11568312
Time: 14030000 | a = 152, b = 104, acc_in =             11568312, acc_out =             11584120
Time: 14050000 | a = 151, b = 235, acc_in =             11584120, acc_out =             11619605
Time: 14070000 | a =  55, b =  82, acc_in =             11619605, acc_out =             11624115
Time: 14090000 | a = 131, b = 134, acc_in =             11624115, acc_out =             11641669
Time: 14110000 | a = 113, b =  52, acc_in =             11641669, acc_out =             11647545
Time: 14130000 | a = 116, b = 114, acc_in =             11647545, acc_out =             11660769
Time: 14150000 | a = 242, b = 204, acc_in =             11660769, acc_out =             11710137
Time: 14170000 | a = 136, b =  68, acc_in =             11710137, acc_out =             11719385
Time: 14190000 | a = 130, b = 140, acc_in =             11719385, acc_out =             11737585
Time: 14210000 | a = 244, b = 143, acc_in =             11737585, acc_out =             11772477
Time: 14230000 | a = 197, b = 129, acc_in =             11772477, acc_out =             11797890
Time: 14250000 | a =  21, b = 203, acc_in =             11797890, acc_out =             11802153
Time: 14270000 | a =  54, b =  42, acc_in =             11802153, acc_out =             11804421
Time: 14290000 | a = 245, b =  61, acc_in =             11804421, acc_out =             11819366
Time: 14310000 | a =  70, b =  59, acc_in =             11819366, acc_out =             11823496
Time: 14330000 | a = 238, b = 147, acc_in =             11823496, acc_out =             11858482
Time: 14350000 | a = 228, b = 196, acc_in =             11858482, acc_out =             11903170
Time: 14370000 | a = 114, b = 114, acc_in =             11903170, acc_out =             11916166
Time: 14390000 | a =  81, b = 181, acc_in =             11916166, acc_out =             11930827
Time: 14410000 | a = 163, b = 172, acc_in =             11930827, acc_out =             11958863
Time: 14430000 | a = 151, b =  49, acc_in =             11958863, acc_out =             11966262
Time: 14450000 | a = 190, b =  87, acc_in =             11966262, acc_out =             11982792
Time: 14470000 | a = 118, b = 180, acc_in =             11982792, acc_out =             12004032
Time: 14490000 | a =   0, b = 115, acc_in =             12004032, acc_out =             12004032
Time: 14510000 | a =  41, b = 114, acc_in =             12004032, acc_out =             12008706
Time: 14530000 | a =  30, b = 109, acc_in =             12008706, acc_out =             12011976
Time: 14550000 | a = 205, b = 253, acc_in =             12011976, acc_out =             12063841
Time: 14570000 | a = 215, b =  27, acc_in =             12063841, acc_out =             12069646
Time: 14590000 | a = 206, b = 150, acc_in =             12069646, acc_out =             12100546
Time: 14610000 | a = 202, b = 135, acc_in =             12100546, acc_out =             12127816
Time: 14630000 | a =  45, b =  44, acc_in =             12127816, acc_out =             12129796
Time: 14650000 | a =  37, b =  34, acc_in =             12129796, acc_out =             12131054
Time: 14670000 | a = 243, b = 131, acc_in =             12131054, acc_out =             12162887
Time: 14690000 | a =  61, b = 176, acc_in =             12162887, acc_out =             12173623
Time: 14710000 | a = 185, b = 108, acc_in =             12173623, acc_out =             12193603
Time: 14730000 | a = 168, b = 154, acc_in =             12193603, acc_out =             12219475
Time: 14750000 | a = 130, b = 157, acc_in =             12219475, acc_out =             12239885
Time: 14770000 | a = 252, b = 223, acc_in =             12239885, acc_out =             12296081
Time: 14790000 | a = 217, b =  12, acc_in =             12296081, acc_out =             12298685
Time: 14810000 | a = 192, b =  92, acc_in =             12298685, acc_out =             12316349
Time: 14830000 | a = 129, b =  79, acc_in =             12316349, acc_out =             12326540
Time: 14850000 | a = 168, b = 163, acc_in =             12326540, acc_out =             12353924
Time: 14870000 | a = 136, b = 249, acc_in =             12353924, acc_out =             12387788
Time: 14890000 | a = 189, b =  24, acc_in =             12387788, acc_out =             12392324
Time: 14910000 | a =  31, b = 107, acc_in =             12392324, acc_out =             12395641
Time: 14930000 | a = 125, b = 150, acc_in =             12395641, acc_out =             12414391
Time: 14950000 | a =  11, b =  17, acc_in =             12414391, acc_out =             12414578
Time: 14970000 | a = 143, b =  63, acc_in =             12414578, acc_out =             12423587
Time: 14990000 | a =  10, b = 123, acc_in =             12423587, acc_out =             12424817
Time: 15010000 | a =  45, b = 197, acc_in =             12424817, acc_out =             12433682
Time: 15030000 | a = 255, b =  93, acc_in =             12433682, acc_out =             12457397
Time: 15050000 | a = 202, b = 215, acc_in =             12457397, acc_out =             12500827
Time: 15070000 | a =  61, b = 221, acc_in =             12500827, acc_out =             12514308
Time: 15090000 | a =  26, b = 235, acc_in =             12514308, acc_out =             12520418
Time: 15110000 | a = 210, b =  41, acc_in =             12520418, acc_out =             12529028
Time: 15130000 | a =  19, b =  38, acc_in =             12529028, acc_out =             12529750
Time: 15150000 | a =  29, b = 214, acc_in =             12529750, acc_out =             12535956
Time: 15170000 | a = 242, b = 142, acc_in =             12535956, acc_out =             12570320
Time: 15190000 | a = 146, b = 247, acc_in =             12570320, acc_out =             12606382
Time: 15210000 | a = 238, b =  69, acc_in =             12606382, acc_out =             12622804
Time: 15230000 | a = 254, b = 109, acc_in =             12622804, acc_out =             12650490
Time: 15250000 | a = 167, b =   4, acc_in =             12650490, acc_out =             12651158
Time: 15270000 | a =  34, b =  89, acc_in =             12651158, acc_out =             12654184
Time: 15290000 | a = 230, b = 141, acc_in =             12654184, acc_out =             12686614
Time: 15310000 | a =   5, b =  59, acc_in =             12686614, acc_out =             12686909
Time: 15330000 | a = 207, b =  76, acc_in =             12686909, acc_out =             12702641
Time: 15350000 | a = 203, b = 167, acc_in =             12702641, acc_out =             12736542
Time: 15370000 | a =  24, b = 227, acc_in =             12736542, acc_out =             12741990
Time: 15390000 | a = 108, b =  15, acc_in =             12741990, acc_out =             12743610
Time: 15410000 | a =  91, b = 208, acc_in =             12743610, acc_out =             12762538
Time: 15430000 | a =  47, b = 151, acc_in =             12762538, acc_out =             12769635
Time: 15450000 | a =  32, b = 238, acc_in =             12769635, acc_out =             12777251
Time: 15470000 | a =  37, b = 114, acc_in =             12777251, acc_out =             12781469
Time: 15490000 | a = 180, b =   4, acc_in =             12781469, acc_out =             12782189
Time: 15510000 | a = 160, b = 179, acc_in =             12782189, acc_out =             12810829
Time: 15530000 | a =  99, b =  31, acc_in =             12810829, acc_out =             12813898
Time: 15550000 | a = 220, b =  20, acc_in =             12813898, acc_out =             12818298
Time: 15570000 | a =  53, b = 228, acc_in =             12818298, acc_out =             12830382
Time: 15590000 | a = 206, b = 174, acc_in =             12830382, acc_out =             12866226
Time: 15610000 | a = 185, b = 164, acc_in =             12866226, acc_out =             12896566
Time: 15630000 | a =  90, b =  13, acc_in =             12896566, acc_out =             12897736
Time: 15650000 | a =   6, b =  84, acc_in =             12897736, acc_out =             12898240
Time: 15670000 | a = 220, b = 161, acc_in =             12898240, acc_out =             12933660
Time: 15690000 | a = 122, b =  55, acc_in =             12933660, acc_out =             12940370
Time: 15710000 | a =  75, b =   7, acc_in =             12940370, acc_out =             12940895
Time: 15730000 | a =  89, b =  94, acc_in =             12940895, acc_out =             12949261
Time: 15750000 | a = 214, b =  27, acc_in =             12949261, acc_out =             12955039
Time: 15770000 | a = 229, b = 202, acc_in =             12955039, acc_out =             13001297
Time: 15790000 | a =  91, b =  72, acc_in =             13001297, acc_out =             13007849
Time: 15810000 | a =   0, b =  81, acc_in =             13007849, acc_out =             13007849
Time: 15830000 | a = 124, b =  29, acc_in =             13007849, acc_out =             13011445
Time: 15850000 | a = 241, b =  25, acc_in =             13011445, acc_out =             13017470
Time: 15870000 | a = 191, b = 145, acc_in =             13017470, acc_out =             13045165
Time: 15890000 | a = 111, b = 194, acc_in =             13045165, acc_out =             13066699
Time: 15910000 | a = 127, b = 240, acc_in =             13066699, acc_out =             13097179
Time: 15930000 | a = 117, b =  24, acc_in =             13097179, acc_out =             13099987
Time: 15950000 | a =  23, b = 238, acc_in =             13099987, acc_out =             13105461
Time: 15970000 | a =  17, b = 103, acc_in =             13105461, acc_out =             13107212
Time: 15990000 | a =  13, b = 216, acc_in =             13107212, acc_out =             13110020
Time: 16010000 | a = 175, b =  66, acc_in =             13110020, acc_out =             13121570
Time: 16030000 | a = 171, b =  84, acc_in =             13121570, acc_out =             13135934
Time: 16050000 | a =   6, b = 220, acc_in =             13135934, acc_out =             13137254
Time: 16070000 | a = 197, b = 177, acc_in =             13137254, acc_out =             13172123
Time: 16090000 | a =  55, b = 200, acc_in =             13172123, acc_out =             13183123
Time: 16110000 | a =  23, b =  50, acc_in =             13183123, acc_out =             13184273
Time: 16130000 | a =  62, b =  59, acc_in =             13184273, acc_out =             13187931
Time: 16150000 | a =  13, b =  98, acc_in =             13187931, acc_out =             13189205
Time: 16170000 | a =  68, b = 159, acc_in =             13189205, acc_out =             13200017
Time: 16190000 | a =  72, b = 207, acc_in =             13200017, acc_out =             13214921
Time: 16210000 | a = 242, b = 160, acc_in =             13214921, acc_out =             13253641
Time: 16230000 | a = 193, b =  55, acc_in =             13253641, acc_out =             13264256
Time: 16250000 | a =  89, b = 113, acc_in =             13264256, acc_out =             13274313
Time: 16270000 | a = 223, b = 150, acc_in =             13274313, acc_out =             13307763
Time: 16290000 | a = 131, b = 134, acc_in =             13307763, acc_out =             13325317
Time: 16310000 | a =  76, b =  19, acc_in =             13325317, acc_out =             13326761
Time: 16330000 | a =  80, b = 108, acc_in =             13326761, acc_out =             13335401
Time: 16350000 | a = 249, b =  59, acc_in =             13335401, acc_out =             13350092
Time: 16370000 | a = 174, b =   8, acc_in =             13350092, acc_out =             13351484
Time: 16390000 | a =  18, b = 141, acc_in =             13351484, acc_out =             13354022
Time: 16410000 | a = 196, b = 237, acc_in =             13354022, acc_out =             13400474
Time: 16430000 | a =  75, b = 196, acc_in =             13400474, acc_out =             13415174
Time: 16450000 | a =  47, b = 253, acc_in =             13415174, acc_out =             13427065
Time: 16470000 | a =  76, b = 227, acc_in =             13427065, acc_out =             13444317
Time: 16490000 | a = 223, b =  21, acc_in =             13444317, acc_out =             13449000
Time: 16510000 | a = 172, b = 110, acc_in =             13449000, acc_out =             13467920
Time: 16530000 | a = 183, b = 249, acc_in =             13467920, acc_out =             13513487
Time: 16550000 | a =  54, b = 211, acc_in =             13513487, acc_out =             13524881
Time: 16570000 | a = 128, b =  51, acc_in =             13524881, acc_out =             13531409
Time: 16590000 | a = 241, b = 117, acc_in =             13531409, acc_out =             13559606
Time: 16610000 | a =  73, b =  42, acc_in =             13559606, acc_out =             13562672
Time: 16630000 | a = 162, b =  80, acc_in =             13562672, acc_out =             13575632
Time: 16650000 | a = 203, b =  21, acc_in =             13575632, acc_out =             13579895
Time: 16670000 | a =  55, b = 185, acc_in =             13579895, acc_out =             13590070
Time: 16690000 | a = 243, b =  26, acc_in =             13590070, acc_out =             13596388
Time: 16710000 | a = 236, b =  28, acc_in =             13596388, acc_out =             13602996
Time: 16730000 | a =  18, b =  57, acc_in =             13602996, acc_out =             13604022
Time: 16750000 | a = 128, b =  74, acc_in =             13604022, acc_out =             13613494
Time: 16770000 | a = 235, b =  78, acc_in =             13613494, acc_out =             13631824
Time: 16790000 | a =  80, b =  59, acc_in =             13631824, acc_out =             13636544
Time: 16810000 | a =  29, b = 216, acc_in =             13636544, acc_out =             13642808
Time: 16830000 | a = 187, b = 200, acc_in =             13642808, acc_out =             13680208
Time: 16850000 | a =  11, b = 192, acc_in =             13680208, acc_out =             13682320
Time: 16870000 | a = 151, b =  78, acc_in =             13682320, acc_out =             13694098
Time: 16890000 | a = 220, b = 214, acc_in =             13694098, acc_out =             13741178
Time: 16910000 | a =  34, b = 178, acc_in =             13741178, acc_out =             13747230
Time: 16930000 | a = 168, b =  67, acc_in =             13747230, acc_out =             13758486
Time: 16950000 | a =  46, b = 199, acc_in =             13758486, acc_out =             13767640
Time: 16970000 | a = 106, b = 150, acc_in =             13767640, acc_out =             13783540
Time: 16990000 | a =   1, b = 132, acc_in =             13783540, acc_out =             13783672
Time: 17010000 | a = 208, b = 193, acc_in =             13783672, acc_out =             13823816
Time: 17030000 | a = 153, b =   2, acc_in =             13823816, acc_out =             13824122
Time: 17050000 | a = 126, b = 161, acc_in =             13824122, acc_out =             13844408
Time: 17070000 | a = 216, b = 198, acc_in =             13844408, acc_out =             13887176
Time: 17090000 | a = 228, b =  89, acc_in =             13887176, acc_out =             13907468
Time: 17110000 | a =  68, b =  60, acc_in =             13907468, acc_out =             13911548
Time: 17130000 | a =  52, b =  58, acc_in =             13911548, acc_out =             13914564
Time: 17150000 | a = 220, b = 239, acc_in =             13914564, acc_out =             13967144
Time: 17170000 | a = 149, b =  96, acc_in =             13967144, acc_out =             13981448
Time: 17190000 | a = 183, b = 103, acc_in =             13981448, acc_out =             14000297
Time: 17210000 | a =  54, b = 206, acc_in =             14000297, acc_out =             14011421
Time: 17230000 | a = 222, b =  44, acc_in =             14011421, acc_out =             14021189
Time: 17250000 | a =  60, b =  58, acc_in =             14021189, acc_out =             14024669
Time: 17270000 | a =  42, b = 229, acc_in =             14024669, acc_out =             14034287
Time: 17290000 | a =  75, b =  62, acc_in =             14034287, acc_out =             14038937
Time: 17310000 | a = 138, b =   9, acc_in =             14038937, acc_out =             14040179
Time: 17330000 | a = 151, b =  35, acc_in =             14040179, acc_out =             14045464
Time: 17350000 | a = 119, b =  28, acc_in =             14045464, acc_out =             14048796
Time: 17370000 | a =  62, b =  18, acc_in =             14048796, acc_out =             14049912
Time: 17390000 | a =  10, b = 245, acc_in =             14049912, acc_out =             14052362
Time: 17410000 | a = 226, b = 197, acc_in =             14052362, acc_out =             14096884
Time: 17430000 | a = 108, b = 241, acc_in =             14096884, acc_out =             14122912
Time: 17450000 | a =  45, b = 137, acc_in =             14122912, acc_out =             14129077
Time: 17470000 | a =  15, b = 171, acc_in =             14129077, acc_out =             14131642
Time: 17490000 | a =  84, b = 187, acc_in =             14131642, acc_out =             14147350
Time: 17510000 | a = 128, b =  23, acc_in =             14147350, acc_out =             14150294
Time: 17530000 | a =  47, b = 131, acc_in =             14150294, acc_out =             14156451
Time: 17550000 | a =  44, b = 124, acc_in =             14156451, acc_out =             14161907
Time: 17570000 | a = 251, b = 241, acc_in =             14161907, acc_out =             14222398
Time: 17590000 | a = 230, b =  81, acc_in =             14222398, acc_out =             14241028
Time: 17610000 | a = 101, b =  84, acc_in =             14241028, acc_out =             14249512
Time: 17630000 | a = 156, b = 109, acc_in =             14249512, acc_out =             14266516
Time: 17650000 | a = 243, b = 224, acc_in =             14266516, acc_out =             14320948
Time: 17670000 | a = 252, b = 127, acc_in =             14320948, acc_out =             14352952
Time: 17690000 | a =  96, b = 115, acc_in =             14352952, acc_out =             14363992
Time: 17710000 | a = 106, b =  73, acc_in =             14363992, acc_out =             14371730
Time: 17730000 | a =   5, b = 174, acc_in =             14371730, acc_out =             14372600
Time: 17750000 | a =  37, b = 155, acc_in =             14372600, acc_out =             14378335
Time: 17770000 | a = 237, b =   7, acc_in =             14378335, acc_out =             14379994
Time: 17790000 | a = 235, b = 127, acc_in =             14379994, acc_out =             14409839
Time: 17810000 | a = 159, b =  46, acc_in =             14409839, acc_out =             14417153
Time: 17830000 | a = 245, b = 143, acc_in =             14417153, acc_out =             14452188
Time: 17850000 | a =  67, b =  87, acc_in =             14452188, acc_out =             14458017
Time: 17870000 | a = 167, b = 240, acc_in =             14458017, acc_out =             14498097
Time: 17890000 | a =  49, b = 193, acc_in =             14498097, acc_out =             14507554
Time: 17910000 | a = 201, b = 233, acc_in =             14507554, acc_out =             14554387
Time: 17930000 | a = 138, b =  26, acc_in =             14554387, acc_out =             14557975
Time: 17950000 | a = 157, b = 143, acc_in =             14557975, acc_out =             14580426
Time: 17970000 | a = 232, b =  13, acc_in =             14580426, acc_out =             14583442
Time: 17990000 | a = 183, b = 118, acc_in =             14583442, acc_out =             14605036
Time: 18010000 | a = 201, b = 162, acc_in =             14605036, acc_out =             14637598
Time: 18030000 | a = 223, b = 238, acc_in =             14637598, acc_out =             14690672
Time: 18050000 | a = 199, b = 168, acc_in =             14690672, acc_out =             14724104
Time: 18070000 | a = 226, b = 182, acc_in =             14724104, acc_out =             14765236
Time: 18090000 | a =  48, b = 242, acc_in =             14765236, acc_out =             14776852
Time: 18110000 | a = 158, b = 164, acc_in =             14776852, acc_out =             14802764
Time: 18130000 | a =  36, b = 139, acc_in =             14802764, acc_out =             14807768
Time: 18150000 | a =  47, b =  54, acc_in =             14807768, acc_out =             14810306
Time: 18170000 | a = 193, b = 166, acc_in =             14810306, acc_out =             14842344
Time: 18190000 | a = 134, b = 143, acc_in =             14842344, acc_out =             14861506
Time: 18210000 | a = 131, b = 121, acc_in =             14861506, acc_out =             14877357
Time: 18230000 | a =  83, b = 196, acc_in =             14877357, acc_out =             14893625
Time: 18250000 | a =  96, b = 198, acc_in =             14893625, acc_out =             14912633
Time: 18270000 | a = 133, b =   3, acc_in =             14912633, acc_out =             14913032
Time: 18290000 | a = 207, b =  60, acc_in =             14913032, acc_out =             14925452
Time: 18310000 | a =  76, b = 134, acc_in =             14925452, acc_out =             14935636
Time: 18330000 | a =  55, b = 116, acc_in =             14935636, acc_out =             14942016
Time: 18350000 | a = 235, b = 200, acc_in =             14942016, acc_out =             14989016
Time: 18370000 | a = 247, b = 193, acc_in =             14989016, acc_out =             15036687
Time: 18390000 | a =  48, b = 245, acc_in =             15036687, acc_out =             15048447
Time: 18410000 | a = 137, b = 124, acc_in =             15048447, acc_out =             15065435
Time: 18430000 | a = 241, b =  11, acc_in =             15065435, acc_out =             15068086
Time: 18450000 | a = 234, b =  28, acc_in =             15068086, acc_out =             15074638
Time: 18470000 | a =  96, b = 174, acc_in =             15074638, acc_out =             15091342
Time: 18490000 | a = 213, b = 192, acc_in =             15091342, acc_out =             15132238
Time: 18510000 | a = 150, b =  26, acc_in =             15132238, acc_out =             15136138
Time: 18530000 | a = 236, b = 100, acc_in =             15136138, acc_out =             15159738
Time: 18550000 | a =  30, b =  48, acc_in =             15159738, acc_out =             15161178
Time: 18570000 | a = 103, b = 137, acc_in =             15161178, acc_out =             15175289
Time: 18590000 | a = 233, b =  22, acc_in =             15175289, acc_out =             15180415
Time: 18610000 | a =  91, b = 113, acc_in =             15180415, acc_out =             15190698
Time: 18630000 | a = 124, b = 108, acc_in =             15190698, acc_out =             15204090
Time: 18650000 | a =  65, b = 184, acc_in =             15204090, acc_out =             15216050
Time: 18670000 | a = 168, b = 114, acc_in =             15216050, acc_out =             15235202
Time: 18690000 | a = 192, b = 126, acc_in =             15235202, acc_out =             15259394
Time: 18710000 | a = 179, b =  64, acc_in =             15259394, acc_out =             15270850
Time: 18730000 | a = 100, b = 210, acc_in =             15270850, acc_out =             15291850
Time: 18750000 | a =  65, b =  93, acc_in =             15291850, acc_out =             15297895
Time: 18770000 | a =  79, b = 165, acc_in =             15297895, acc_out =             15310930
Time: 18790000 | a = 211, b = 207, acc_in =             15310930, acc_out =             15354607
Time: 18810000 | a = 127, b = 239, acc_in =             15354607, acc_out =             15384960
Time: 18830000 | a =  59, b =   8, acc_in =             15384960, acc_out =             15385432
Time: 18850000 | a = 195, b =  66, acc_in =             15385432, acc_out =             15398302
Time: 18870000 | a = 216, b = 179, acc_in =             15398302, acc_out =             15436966
Time: 18890000 | a = 247, b = 139, acc_in =             15436966, acc_out =             15471299
Time: 18910000 | a = 244, b = 208, acc_in =             15471299, acc_out =             15522051
Time: 18930000 | a = 151, b =  44, acc_in =             15522051, acc_out =             15528695
Time: 18950000 | a =  28, b =  27, acc_in =             15528695, acc_out =             15529451
Time: 18970000 | a =  82, b =  52, acc_in =             15529451, acc_out =             15533715
Time: 18990000 | a = 198, b =  64, acc_in =             15533715, acc_out =             15546387
Time: 19010000 | a = 160, b = 219, acc_in =             15546387, acc_out =             15581427
Time: 19030000 | a =  39, b = 187, acc_in =             15581427, acc_out =             15588720
Time: 19050000 | a =   4, b =  24, acc_in =             15588720, acc_out =             15588816
Time: 19070000 | a = 135, b = 252, acc_in =             15588816, acc_out =             15622836
Time: 19090000 | a =  11, b =  97, acc_in =             15622836, acc_out =             15623903
Time: 19110000 | a = 235, b = 168, acc_in =             15623903, acc_out =             15663383
Time: 19130000 | a = 153, b = 118, acc_in =             15663383, acc_out =             15681437
Time: 19150000 | a = 116, b = 136, acc_in =             15681437, acc_out =             15697213
Time: 19170000 | a = 180, b =  76, acc_in =             15697213, acc_out =             15710893
Time: 19190000 | a =  75, b =  13, acc_in =             15710893, acc_out =             15711868
Time: 19210000 | a =  63, b = 235, acc_in =             15711868, acc_out =             15726673
Time: 19230000 | a = 105, b = 236, acc_in =             15726673, acc_out =             15751453
Time: 19250000 | a = 230, b = 101, acc_in =             15751453, acc_out =             15774683
Time: 19270000 | a =  25, b = 193, acc_in =             15774683, acc_out =             15779508
Time: 19290000 | a = 178, b = 164, acc_in =             15779508, acc_out =             15808700
Time: 19310000 | a = 142, b =  60, acc_in =             15808700, acc_out =             15817220
Time: 19330000 | a = 114, b =  78, acc_in =             15817220, acc_out =             15826112
Time: 19350000 | a =  97, b = 193, acc_in =             15826112, acc_out =             15844833
Time: 19370000 | a = 134, b = 105, acc_in =             15844833, acc_out =             15858903
Time: 19390000 | a =  82, b =   2, acc_in =             15858903, acc_out =             15859067
Time: 19410000 | a =  43, b =   2, acc_in =             15859067, acc_out =             15859153
Time: 19430000 | a =  32, b = 132, acc_in =             15859153, acc_out =             15863377
Time: 19450000 | a = 214, b = 142, acc_in =             15863377, acc_out =             15893765
Time: 19470000 | a = 212, b = 130, acc_in =             15893765, acc_out =             15921325
Time: 19490000 | a = 195, b =  51, acc_in =             15921325, acc_out =             15931270
Time: 19510000 | a =  87, b =  51, acc_in =             15931270, acc_out =             15935707
Time: 19530000 | a =  72, b = 195, acc_in =             15935707, acc_out =             15949747
Time: 19550000 | a = 164, b = 224, acc_in =             15949747, acc_out =             15986483
Time: 19570000 | a =   2, b = 138, acc_in =             15986483, acc_out =             15986759
Time: 19590000 | a = 123, b = 194, acc_in =             15986759, acc_out =             16010621
Time: 19610000 | a = 125, b = 192, acc_in =             16010621, acc_out =             16034621
Time: 19630000 | a = 226, b =  43, acc_in =             16034621, acc_out =             16044339
Time: 19650000 | a = 101, b = 196, acc_in =             16044339, acc_out =             16064135
Time: 19670000 | a =  76, b = 227, acc_in =             16064135, acc_out =             16081387
Time: 19690000 | a = 221, b = 218, acc_in =             16081387, acc_out =             16129565
Time: 19710000 | a = 201, b =  64, acc_in =             16129565, acc_out =             16142429
Time: 19730000 | a =  23, b = 180, acc_in =             16142429, acc_out =             16146569
Time: 19750000 | a =   6, b = 225, acc_in =             16146569, acc_out =             16147919
Time: 19770000 | a = 190, b = 105, acc_in =             16147919, acc_out =             16167869
Time: 19790000 | a = 138, b = 148, acc_in =             16167869, acc_out =             16188293
Time: 19810000 | a =  77, b =  32, acc_in =             16188293, acc_out =             16190757
Time: 19830000 | a = 243, b =  84, acc_in =             16190757, acc_out =             16211169
Time: 19850000 | a = 240, b =  32, acc_in =             16211169, acc_out =             16218849
Time: 19870000 | a = 150, b = 218, acc_in =             16218849, acc_out =             16251549
Time: 19890000 | a = 254, b = 129, acc_in =             16251549, acc_out =             16284315
Time: 19910000 | a =  95, b = 186, acc_in =             16284315, acc_out =             16301985
Time: 19930000 | a = 170, b =  54, acc_in =             16301985, acc_out =             16311165
Time: 19950000 | a =  59, b = 135, acc_in =             16311165, acc_out =             16319130
Time: 19970000 | a =   3, b = 161, acc_in =             16319130, acc_out =             16319613
Time: 19990000 | a = 237, b = 237, acc_in =             16319613, acc_out =             16375782
Time: 20010000 | a = 213, b = 118, acc_in =             16375782, acc_out =             16400916
$stop called at time : 20110 ns : File "D:/Amaan/Documents/University/Year 3/EEE381_IIP/FPGA/MACPipelined/MACPipelined.srcs/sim_1/new/mac8Bit_TB.v" Line 63
